[LOG] System::create                           : Header version = 2.02.20. Current version = 2.02.20.
[LOG] Manager::init                            : maxchannels = 256 studioflags = 00000006 flags 00000000 extradriverdata 0000000000000000.
[LOG] SystemI::init                            : Initialize version=20220 (139317), maxchannels=256, flags=0x00020000
[LOG] SystemI::setOutputInternal               : Setting output to 'FMOD WASAPI Output'
[LOG] OutputWASAPI::init                       : Mix Format (WAVEFORMATEX): wFormatTag=0xFFFE, nChannels=2, nSamplesPerSec=48000, nAvgBytesPerSec=384000, nBlockAlign=8, wBitsPerSample=32, cbSize=22.
[LOG] OutputWASAPI::init                       : Mix Format (WAVEFORMATEXTENSIBLE): wValidBitsPerSample=32, dwChannelMask=0x00000003, SubFormat=00000003-0000-0010-8000-00AA00389B71.
[LOG] OutputWASAPI::init                       : Output buffer size: 4096 samples, latency: 0.00ms, period: 10.00ms, DSP buffer: 1024 * 4
[LOG] Thread::initThread                       : Init FMOD stream thread. Affinity: 0x4000000000000003, Priority: 0xFFFF7FFB, Stack Size: 98304, Semaphore: No, Sleep Time: 10, Looping: Yes.
[LOG] Thread::initThread                       : Init FMOD mixer thread. Affinity: 0x4000000000000001, Priority: 0xFFFF7FFA, Stack Size: 81920, Semaphore: No, Sleep Time: 0, Looping: Yes.
[LOG] AsyncManager::init                       : manager 00000256E896B858 isAsync 0 updatePeriod 0.02
[LOG] AsyncManager::init                       : done
[LOG] PlaybackSystem::init                     : 
[LOG] Thread::initThread                       : Init FMOD Studio sample load thread. Affinity: 0x4000000000000003, Priority: 0xFFFF7FFD, Stack Size: 98304, Semaphore: No, Sleep Time: 1, Looping: No.
[LOG] PlaybackSystem::init                     : done
[LOG] Thread::initThread                       : Init FMOD Studio bank load thread. Affinity: 0x4000000000000003, Priority: 0xFFFF7FFD, Stack Size: 98304, Semaphore: No, Sleep Time: 1, Looping: No.
[LOG] Manager::init                            : done.
[LOG] Manager::readBank                        : fileversion = 142, compatVersion = 140 (oldest = 44, newest = 142)
[LOG] Manager::readBank                        : fileversion = 142, compatVersion = 140 (oldest = 44, newest = 142)
[LOG] Manager::readBank                        : fileversion = 142, compatVersion = 140 (oldest = 44, newest = 142)
[LOG] Manager::finishLoadBank                  : Bank with guid {d100ffc4-9718-41d7-b641-181373b55498} has already been loaded
[LOG] Manager::readBank                        : fileversion = 142, compatVersion = 140 (oldest = 44, newest = 142)
[LOG] Manager::finishLoadBank                  : Bank with guid {d100ffc4-9718-41d7-b641-181373b55498} has already been loaded
[LOG] Manager::readBank                        : fileversion = 142, compatVersion = 140 (oldest = 44, newest = 142)
[LOG] PlaybackSystem::acquireMasterBus         : Setting master channel group format to 6
[LOG] Manager::readBank                        : fileversion = 142, compatVersion = 140 (oldest = 44, newest = 142)
[LOG] Manager::readBank                        : fileversion = 142, compatVersion = 140 (oldest = 44, newest = 142)
[LOG] Manager::readBank                        : fileversion = 142, compatVersion = 140 (oldest = 44, newest = 142)
[LOG] Manager::readBank                        : fileversion = 142, compatVersion = 140 (oldest = 44, newest = 142)
[LOG] SystemI::createSoundInternal             : Create name='', mode=0x02000202
[LOG] SystemI::createSoundInternal             : exinfo->cbsize             = 224
[LOG] SystemI::createSoundInternal             : exinfo->length             = 204544
[LOG] SystemI::createSoundInternal             : exinfo->fileoffset         = 17920
[LOG] SystemI::createSoundInternal             : exinfo->numsubsounds       = 1
[LOG] SystemI::createSoundInternal             : exinfo->inclusionlist      = 000000EF2E67F2A8
[LOG] SystemI::createSoundInternal             : exinfo->inclusionlistnum   = 1
[LOG] SystemI::createSoundInternal             : exinfo->suggestedsoundtype = 5
[LOG] SystemI::createSoundInternal             : exinfo->useropen           = 00007FFE81C63F70
[LOG] SystemI::createSoundInternal             : exinfo->userclose          = 00007FFE81C63F30
[LOG] SystemI::createSoundInternal             : exinfo->userread           = 00007FFE81C64050
[LOG] SystemI::createSoundInternal             : exinfo->userseek           = 00007FFE81C64110
[LOG] SystemI::createSoundInternal             : exinfo->fileuserdata       = 00000256D1A2CA78
[LOG] SystemI::createSoundInternal             : exinfo->initialseekpostype = 1
[LOG] SystemI::DSPCodecPoolRegister            : register codec pool for pool type 5
[LOG] SystemI::createSoundInternal             : Sample 0/1: name='veh_car_engine_190E_05845', format=5, channels=1, frequency=48000, lengthbytes=8544, lengthpcm=47267, pcmblocksize=0, loopstart=0, loopend=0, mode=0x00000000, channelmask=0x00000000, channelorder=0, peakvolume=0.699890.
[LOG] SystemI::createSoundInternal             : Create name='', mode=0x02000202
[LOG] SystemI::createSoundInternal             : exinfo->cbsize             = 224
[LOG] SystemI::createSoundInternal             : exinfo->length             = 204544
[LOG] SystemI::createSoundInternal             : exinfo->fileoffset         = 17920
[LOG] SystemI::createSoundInternal             : exinfo->numsubsounds       = 1
[LOG] SystemI::createSoundInternal             : exinfo->inclusionlist      = 000000EF2E67F2A8
[LOG] SystemI::createSoundInternal             : exinfo->inclusionlistnum   = 1
[LOG] SystemI::createSoundInternal             : exinfo->suggestedsoundtype = 5
[LOG] SystemI::createSoundInternal             : exinfo->useropen           = 00007FFE81C63F70
[LOG] SystemI::createSoundInternal             : exinfo->userclose          = 00007FFE81C63F30
[LOG] SystemI::createSoundInternal             : exinfo->userread           = 00007FFE81C64050
[LOG] SystemI::createSoundInternal             : exinfo->userseek           = 00007FFE81C64110
[LOG] SystemI::createSoundInternal             : exinfo->fileuserdata       = 00000256D1A2CA78
[LOG] SystemI::createSoundInternal             : exinfo->initialseekpostype = 1
[LOG] SystemI::DSPCodecPoolRegister            : register codec pool for pool type 5
[LOG] SystemI::createSoundInternal             : Sample 0/1: name='veh_car_engine_190E_03845', format=5, channels=1, frequency=48000, lengthbytes=9344, lengthpcm=51708, pcmblocksize=0, loopstart=0, loopend=0, mode=0x00000000, channelmask=0x00000000, channelorder=0, peakvolume=0.999969.
[LOG] SystemI::createSoundInternal             : Create name='', mode=0x02000202
[LOG] SystemI::createSoundInternal             : exinfo->cbsize             = 224
[LOG] SystemI::createSoundInternal             : exinfo->length             = 204544
[LOG] SystemI::createSoundInternal             : exinfo->fileoffset         = 17920
[LOG] SystemI::createSoundInternal             : exinfo->numsubsounds       = 1
[LOG] SystemI::createSoundInternal             : exinfo->inclusionlist      = 000000EF2E67F2A8
[LOG] SystemI::createSoundInternal             : exinfo->inclusionlistnum   = 1
[LOG] SystemI::createSoundInternal             : exinfo->suggestedsoundtype = 5
[LOG] SystemI::createSoundInternal             : exinfo->useropen           = 00007FFE81C63F70
[LOG] SystemI::createSoundInternal             : exinfo->userclose          = 00007FFE81C63F30
[LOG] SystemI::createSoundInternal             : exinfo->userread           = 00007FFE81C64050
[LOG] SystemI::createSoundInternal             : exinfo->userseek           = 00007FFE81C64110
[LOG] SystemI::createSoundInternal             : exinfo->fileuserdata       = 00000256D1A2CA78
[LOG] SystemI::createSoundInternal             : exinfo->initialseekpostype = 1
[LOG] SystemI::DSPCodecPoolRegister            : register codec pool for pool type 5
[LOG] SystemI::createSoundInternal             : Sample 0/1: name='veh_car_engine_190E_06723', format=5, channels=1, frequency=48000, lengthbytes=4384, lengthpcm=24688, pcmblocksize=0, loopstart=0, loopend=0, mode=0x00000000, channelmask=0x00000000, channelorder=0, peakvolume=0.999969.
[LOG] SystemI::createSoundInternal             : Create name='', mode=0x02000202
[LOG] SystemI::createSoundInternal             : exinfo->cbsize             = 224
[LOG] SystemI::createSoundInternal             : exinfo->length             = 204544
[LOG] SystemI::createSoundInternal             : exinfo->fileoffset         = 17920
[LOG] SystemI::createSoundInternal             : exinfo->numsubsounds       = 1
[LOG] SystemI::createSoundInternal             : exinfo->inclusionlist      = 000000EF2E67F2A8
[LOG] SystemI::createSoundInternal             : exinfo->inclusionlistnum   = 1
[LOG] SystemI::createSoundInternal             : exinfo->suggestedsoundtype = 5
[LOG] SystemI::createSoundInternal             : exinfo->useropen           = 00007FFE81C63F70
[LOG] SystemI::createSoundInternal             : exinfo->userclose          = 00007FFE81C63F30
[LOG] SystemI::createSoundInternal             : exinfo->userread           = 00007FFE81C64050
[LOG] SystemI::createSoundInternal             : exinfo->userseek           = 00007FFE81C64110
[LOG] SystemI::createSoundInternal             : exinfo->fileuserdata       = 00000256D1A2CA78
[LOG] SystemI::createSoundInternal             : exinfo->initialseekpostype = 1
[LOG] SystemI::DSPCodecPoolRegister            : register codec pool for pool type 5
[LOG] SystemI::createSoundInternal             : Sample 0/1: name='veh_car_engine_190E_02900', format=5, channels=1, frequency=48000, lengthbytes=10272, lengthpcm=58151, pcmblocksize=0, loopstart=0, loopend=0, mode=0x00000000, channelmask=0x00000000, channelorder=0, peakvolume=0.756470.
[LOG] SystemI::createSoundInternal             : Create name='', mode=0x02000202
[LOG] SystemI::createSoundInternal             : exinfo->cbsize             = 224
[LOG] SystemI::createSoundInternal             : exinfo->length             = 204544
[LOG] SystemI::createSoundInternal             : exinfo->fileoffset         = 17920
[LOG] SystemI::createSoundInternal             : exinfo->numsubsounds       = 1
[LOG] SystemI::createSoundInternal             : exinfo->inclusionlist      = 000000EF2E67F2A8
[LOG] SystemI::createSoundInternal             : exinfo->inclusionlistnum   = 1
[LOG] SystemI::createSoundInternal             : exinfo->suggestedsoundtype = 5
[LOG] SystemI::createSoundInternal             : exinfo->useropen           = 00007FFE81C63F70
[LOG] SystemI::createSoundInternal             : exinfo->userclose          = 00007FFE81C63F30
[LOG] SystemI::createSoundInternal             : exinfo->userread           = 00007FFE81C64050
[LOG] SystemI::createSoundInternal             : exinfo->userseek           = 00007FFE81C64110
[LOG] SystemI::createSoundInternal             : exinfo->fileuserdata       = 00000256D1A2CA78
[LOG] SystemI::createSoundInternal             : exinfo->initialseekpostype = 1
[LOG] SystemI::DSPCodecPoolRegister            : register codec pool for pool type 5
[LOG] SystemI::createSoundInternal             : Sample 0/1: name='veh_car_engine_190E_01104', format=5, channels=1, frequency=48000, lengthbytes=23680, lengthpcm=143070, pcmblocksize=0, loopstart=0, loopend=0, mode=0x00000000, channelmask=0x00000000, channelorder=0, peakvolume=0.093231.
[LOG] SystemI::createSoundInternal             : Create name='', mode=0x02000202
[LOG] SystemI::createSoundInternal             : exinfo->cbsize             = 224
[LOG] SystemI::createSoundInternal             : exinfo->length             = 204544
[LOG] SystemI::createSoundInternal             : exinfo->fileoffset         = 17920
[LOG] SystemI::createSoundInternal             : exinfo->numsubsounds       = 1
[LOG] SystemI::createSoundInternal             : exinfo->inclusionlist      = 000000EF2E67F2A8
[LOG] SystemI::createSoundInternal             : exinfo->inclusionlistnum   = 1
[LOG] SystemI::createSoundInternal             : exinfo->suggestedsoundtype = 5
[LOG] SystemI::createSoundInternal             : exinfo->useropen           = 00007FFE81C63F70
[LOG] SystemI::createSoundInternal             : exinfo->userclose          = 00007FFE81C63F30
[LOG] SystemI::createSoundInternal             : exinfo->userread           = 00007FFE81C64050
[LOG] SystemI::createSoundInternal             : exinfo->userseek           = 00007FFE81C64110
[LOG] SystemI::createSoundInternal             : exinfo->fileuserdata       = 00000256D1A2CA78
[LOG] SystemI::createSoundInternal             : exinfo->initialseekpostype = 1
[LOG] SystemI::DSPCodecPoolRegister            : register codec pool for pool type 5
[LOG] SystemI::createSoundInternal             : Sample 0/1: name='veh_car_engine_190E_06262', format=5, channels=1, frequency=48000, lengthbytes=9248, lengthpcm=51372, pcmblocksize=0, loopstart=0, loopend=0, mode=0x00000000, channelmask=0x00000000, channelorder=0, peakvolume=0.821472.
[LOG] SystemI::createSoundInternal             : Create name='', mode=0x02000202
[LOG] SystemI::createSoundInternal             : exinfo->cbsize             = 224
[LOG] SystemI::createSoundInternal             : exinfo->length             = 204544
[LOG] SystemI::createSoundInternal             : exinfo->fileoffset         = 17920
[LOG] SystemI::createSoundInternal             : exinfo->numsubsounds       = 1
[LOG] SystemI::createSoundInternal             : exinfo->inclusionlist      = 000000EF2E67F2A8
[LOG] SystemI::createSoundInternal             : exinfo->inclusionlistnum   = 1
[LOG] SystemI::createSoundInternal             : exinfo->suggestedsoundtype = 5
[LOG] SystemI::createSoundInternal             : exinfo->useropen           = 00007FFE81C63F70
[LOG] SystemI::createSoundInternal             : exinfo->userclose          = 00007FFE81C63F30
[LOG] SystemI::createSoundInternal             : exinfo->userread           = 00007FFE81C64050
[LOG] SystemI::createSoundInternal             : exinfo->userseek           = 00007FFE81C64110
[LOG] SystemI::createSoundInternal             : exinfo->fileuserdata       = 00000256D1A2CA78
[LOG] SystemI::createSoundInternal             : exinfo->initialseekpostype = 1
[LOG] SystemI::DSPCodecPoolRegister            : register codec pool for pool type 5
[LOG] SystemI::createSoundInternal             : Sample 0/1: name='veh_car_engine_190E_01560', format=5, channels=1, frequency=48000, lengthbytes=8384, lengthpcm=49890, pcmblocksize=0, loopstart=0, loopend=0, mode=0x00000000, channelmask=0x00000000, channelorder=0, peakvolume=0.433777.
[LOG] SystemI::createSoundInternal             : Create name='', mode=0x02000202
[LOG] SystemI::createSoundInternal             : exinfo->cbsize             = 224
[LOG] SystemI::createSoundInternal             : exinfo->length             = 204544
[LOG] SystemI::createSoundInternal             : exinfo->fileoffset         = 17920
[LOG] SystemI::createSoundInternal             : exinfo->numsubsounds       = 1
[LOG] SystemI::createSoundInternal             : exinfo->inclusionlist      = 000000EF2E67F2A8
[LOG] SystemI::createSoundInternal             : exinfo->inclusionlistnum   = 1
[LOG] SystemI::createSoundInternal             : exinfo->suggestedsoundtype = 5
[LOG] SystemI::createSoundInternal             : exinfo->useropen           = 00007FFE81C63F70
[LOG] SystemI::createSoundInternal             : exinfo->userclose          = 00007FFE81C63F30
[LOG] SystemI::createSoundInternal             : exinfo->userread           = 00007FFE81C64050
[LOG] SystemI::createSoundInternal             : exinfo->userseek           = 00007FFE81C64110
[LOG] SystemI::createSoundInternal             : exinfo->fileuserdata       = 00000256D1A2CA78
[LOG] SystemI::createSoundInternal             : exinfo->initialseekpostype = 1
[LOG] SystemI::DSPCodecPoolRegister            : register codec pool for pool type 5
[LOG] SystemI::createSoundInternal             : Sample 0/1: name='veh_car_engine_190E_01999', format=5, channels=1, frequency=48000, lengthbytes=8256, lengthpcm=49054, pcmblocksize=0, loopstart=0, loopend=0, mode=0x00000000, channelmask=0x00000000, channelorder=0, peakvolume=0.620819.
[LOG] SystemI::createSoundInternal             : Create name='', mode=0x02000202
[LOG] SystemI::createSoundInternal             : exinfo->cbsize             = 224
[LOG] SystemI::createSoundInternal             : exinfo->length             = 204544
[LOG] SystemI::createSoundInternal             : exinfo->fileoffset         = 17920
[LOG] SystemI::createSoundInternal             : exinfo->numsubsounds       = 1
[LOG] SystemI::createSoundInternal             : exinfo->inclusionlist      = 000000EF2E67F2A8
[LOG] SystemI::createSoundInternal             : exinfo->inclusionlistnum   = 1
[LOG] SystemI::createSoundInternal             : exinfo->suggestedsoundtype = 5
[LOG] SystemI::createSoundInternal             : exinfo->useropen           = 00007FFE81C63F70
[LOG] SystemI::createSoundInternal             : exinfo->userclose          = 00007FFE81C63F30
[LOG] SystemI::createSoundInternal             : exinfo->userread           = 00007FFE81C64050
[LOG] SystemI::createSoundInternal             : exinfo->userseek           = 00007FFE81C64110
[LOG] SystemI::createSoundInternal             : exinfo->fileuserdata       = 00000256D1A2CA78
[LOG] SystemI::createSoundInternal             : exinfo->initialseekpostype = 1
[LOG] SystemI::DSPCodecPoolRegister            : register codec pool for pool type 5
[LOG] SystemI::createSoundInternal             : Sample 0/1: name='veh_car_engine_190E_02549', format=5, channels=1, frequency=48000, lengthbytes=9600, lengthpcm=51793, pcmblocksize=0, loopstart=0, loopend=0, mode=0x00000000, channelmask=0x00000000, channelorder=0, peakvolume=0.651367.
[LOG] SystemI::createSoundInternal             : Create name='', mode=0x02000202
[LOG] SystemI::createSoundInternal             : exinfo->cbsize             = 224
[LOG] SystemI::createSoundInternal             : exinfo->length             = 204544
[LOG] SystemI::createSoundInternal             : exinfo->fileoffset         = 17920
[LOG] SystemI::createSoundInternal             : exinfo->numsubsounds       = 1
[LOG] SystemI::createSoundInternal             : exinfo->inclusionlist      = 000000EF2E67F2A8
[LOG] SystemI::createSoundInternal             : exinfo->inclusionlistnum   = 1
[LOG] SystemI::createSoundInternal             : exinfo->suggestedsoundtype = 5
[LOG] SystemI::createSoundInternal             : exinfo->useropen           = 00007FFE81C63F70
[LOG] SystemI::createSoundInternal             : exinfo->userclose          = 00007FFE81C63F30
[LOG] SystemI::createSoundInternal             : exinfo->userread           = 00007FFE81C64050
[LOG] SystemI::createSoundInternal             : exinfo->userseek           = 00007FFE81C64110
[LOG] SystemI::createSoundInternal             : exinfo->fileuserdata       = 00000256D1A2CA78
[LOG] SystemI::createSoundInternal             : exinfo->initialseekpostype = 1
[LOG] SystemI::DSPCodecPoolRegister            : register codec pool for pool type 5
[LOG] SystemI::createSoundInternal             : Sample 0/1: name='veh_car_engine_190E_03472', format=5, channels=1, frequency=48000, lengthbytes=9056, lengthpcm=50686, pcmblocksize=0, loopstart=0, loopend=0, mode=0x00000000, channelmask=0x00000000, channelorder=0, peakvolume=0.924866.
[LOG] SystemI::createSoundInternal             : Create name='', mode=0x02000202
[LOG] SystemI::createSoundInternal             : exinfo->cbsize             = 224
[LOG] SystemI::createSoundInternal             : exinfo->length             = 204544
[LOG] SystemI::createSoundInternal             : exinfo->fileoffset         = 17920
[LOG] SystemI::createSoundInternal             : exinfo->numsubsounds       = 1
[LOG] SystemI::createSoundInternal             : exinfo->inclusionlist      = 000000EF2E67F2A8
[LOG] SystemI::createSoundInternal             : exinfo->inclusionlistnum   = 1
[LOG] SystemI::createSoundInternal             : exinfo->suggestedsoundtype = 5
[LOG] SystemI::createSoundInternal             : exinfo->useropen           = 00007FFE81C63F70
[LOG] SystemI::createSoundInternal             : exinfo->userclose          = 00007FFE81C63F30
[LOG] SystemI::createSoundInternal             : exinfo->userread           = 00007FFE81C64050
[LOG] SystemI::createSoundInternal             : exinfo->userseek           = 00007FFE81C64110
[LOG] SystemI::createSoundInternal             : exinfo->fileuserdata       = 00000256D1A2CA78
[LOG] SystemI::createSoundInternal             : exinfo->initialseekpostype = 1
[LOG] SystemI::DSPCodecPoolRegister            : register codec pool for pool type 5
[LOG] SystemI::createSoundInternal             : Sample 0/1: name='veh_car_engine_190E_04329', format=5, channels=1, frequency=48000, lengthbytes=9408, lengthpcm=52347, pcmblocksize=0, loopstart=0, loopend=0, mode=0x00000000, channelmask=0x00000000, channelorder=0, peakvolume=0.999969.
[LOG] SystemI::createSoundInternal             : Create name='', mode=0x02000202
[LOG] SystemI::createSoundInternal             : exinfo->cbsize             = 224
[LOG] SystemI::createSoundInternal             : exinfo->length             = 204544
[LOG] SystemI::createSoundInternal             : exinfo->fileoffset         = 17920
[LOG] SystemI::createSoundInternal             : exinfo->numsubsounds       = 1
[LOG] SystemI::createSoundInternal             : exinfo->inclusionlist      = 000000EF2E67F2A8
[LOG] SystemI::createSoundInternal             : exinfo->inclusionlistnum   = 1
[LOG] SystemI::createSoundInternal             : exinfo->suggestedsoundtype = 5
[LOG] SystemI::createSoundInternal             : exinfo->useropen           = 00007FFE81C63F70
[LOG] SystemI::createSoundInternal             : exinfo->userclose          = 00007FFE81C63F30
[LOG] SystemI::createSoundInternal             : exinfo->userread           = 00007FFE81C64050
[LOG] SystemI::createSoundInternal             : exinfo->userseek           = 00007FFE81C64110
[LOG] SystemI::createSoundInternal             : exinfo->fileuserdata       = 00000256D1A2CA78
[LOG] SystemI::createSoundInternal             : exinfo->initialseekpostype = 1
[LOG] SystemI::DSPCodecPoolRegister            : register codec pool for pool type 5
[LOG] SystemI::createSoundInternal             : Sample 0/1: name='veh_car_engine_190E_04812', format=5, channels=1, frequency=48000, lengthbytes=8928, lengthpcm=49742, pcmblocksize=0, loopstart=0, loopend=0, mode=0x00000000, channelmask=0x00000000, channelorder=0, peakvolume=0.392883.
[LOG] SystemI::createSoundInternal             : Create name='', mode=0x02000202
[LOG] SystemI::createSoundInternal             : exinfo->cbsize             = 224
[LOG] SystemI::createSoundInternal             : exinfo->length             = 204544
[LOG] SystemI::createSoundInternal             : exinfo->fileoffset         = 17920
[LOG] SystemI::createSoundInternal             : exinfo->numsubsounds       = 1
[LOG] SystemI::createSoundInternal             : exinfo->inclusionlist      = 000000EF2E67F2A8
[LOG] SystemI::createSoundInternal             : exinfo->inclusionlistnum   = 1
[LOG] SystemI::createSoundInternal             : exinfo->suggestedsoundtype = 5
[LOG] SystemI::createSoundInternal             : exinfo->useropen           = 00007FFE81C63F70
[LOG] SystemI::createSoundInternal             : exinfo->userclose          = 00007FFE81C63F30
[LOG] SystemI::createSoundInternal             : exinfo->userread           = 00007FFE81C64050
[LOG] SystemI::createSoundInternal             : exinfo->userseek           = 00007FFE81C64110
[LOG] SystemI::createSoundInternal             : exinfo->fileuserdata       = 00000256D1A2C448
[LOG] SystemI::createSoundInternal             : exinfo->initialseekpostype = 1
[LOG] SystemI::DSPCodecPoolRegister            : register codec pool for pool type 5
[LOG] SystemI::createSoundInternal             : Sample 0/1: name='veh_lawnmower_0945_off_exh', format=5, channels=1, frequency=48000, lengthbytes=10688, lengthpcm=53609, pcmblocksize=0, loopstart=0, loopend=0, mode=0x00000000, channelmask=0x00000000, channelorder=0, peakvolume=0.534332.
[LOG] SystemI::createSoundInternal             : Create name='', mode=0x02000202
[LOG] SystemI::createSoundInternal             : exinfo->cbsize             = 224
[LOG] SystemI::createSoundInternal             : exinfo->length             = 204544
[LOG] SystemI::createSoundInternal             : exinfo->fileoffset         = 17920
[LOG] SystemI::createSoundInternal             : exinfo->numsubsounds       = 1
[LOG] SystemI::createSoundInternal             : exinfo->inclusionlist      = 000000EF2E67F2A8
[LOG] SystemI::createSoundInternal             : exinfo->inclusionlistnum   = 1
[LOG] SystemI::createSoundInternal             : exinfo->suggestedsoundtype = 5
[LOG] SystemI::createSoundInternal             : exinfo->useropen           = 00007FFE81C63F70
[LOG] SystemI::createSoundInternal             : exinfo->userclose          = 00007FFE81C63F30
[LOG] SystemI::createSoundInternal             : exinfo->userread           = 00007FFE81C64050
[LOG] SystemI::createSoundInternal             : exinfo->userseek           = 00007FFE81C64110
[LOG] SystemI::createSoundInternal             : exinfo->fileuserdata       = 00000256D1A2C448
[LOG] SystemI::createSoundInternal             : exinfo->initialseekpostype = 1
[LOG] SystemI::DSPCodecPoolRegister            : register codec pool for pool type 5
[LOG] SystemI::createSoundInternal             : Sample 0/1: name='veh_lawnmower_idle_exh', format=5, channels=1, frequency=48000, lengthbytes=24576, lengthpcm=136134, pcmblocksize=0, loopstart=0, loopend=0, mode=0x00000000, channelmask=0x00000000, channelorder=0, peakvolume=0.572205.
[LOG] SystemI::createSoundInternal             : Create name='', mode=0x02000202
[LOG] SystemI::createSoundInternal             : exinfo->cbsize             = 224
[LOG] SystemI::createSoundInternal             : exinfo->length             = 204544
[LOG] SystemI::createSoundInternal             : exinfo->fileoffset         = 17920
[LOG] SystemI::createSoundInternal             : exinfo->numsubsounds       = 1
[LOG] SystemI::createSoundInternal             : exinfo->inclusionlist      = 000000EF2E67F2A8
[LOG] SystemI::createSoundInternal             : exinfo->inclusionlistnum   = 1
[LOG] SystemI::createSoundInternal             : exinfo->suggestedsoundtype = 5
[LOG] SystemI::createSoundInternal             : exinfo->useropen           = 00007FFE81C63F70
[LOG] SystemI::createSoundInternal             : exinfo->userclose          = 00007FFE81C63F30
[LOG] SystemI::createSoundInternal             : exinfo->userread           = 00007FFE81C64050
[LOG] SystemI::createSoundInternal             : exinfo->userseek           = 00007FFE81C64110
[LOG] SystemI::createSoundInternal             : exinfo->fileuserdata       = 00000256D1A2C448
[LOG] SystemI::createSoundInternal             : exinfo->initialseekpostype = 1
[LOG] SystemI::DSPCodecPoolRegister            : register codec pool for pool type 5
[LOG] SystemI::createSoundInternal             : Sample 0/1: name='veh_lawnmower_1121_on_exh', format=5, channels=1, frequency=48000, lengthbytes=8512, lengthpcm=43318, pcmblocksize=0, loopstart=0, loopend=0, mode=0x00000000, channelmask=0x00000000, channelorder=0, peakvolume=0.999939.
[LOG] SystemI::createSoundInternal             : Create name='', mode=0x02000202
[LOG] SystemI::createSoundInternal             : exinfo->cbsize             = 224
[LOG] SystemI::createSoundInternal             : exinfo->length             = 204544
[LOG] SystemI::createSoundInternal             : exinfo->fileoffset         = 17920
[LOG] SystemI::createSoundInternal             : exinfo->numsubsounds       = 1
[LOG] SystemI::createSoundInternal             : exinfo->inclusionlist      = 000000EF2E67F2A8
[LOG] SystemI::createSoundInternal             : exinfo->inclusionlistnum   = 1
[LOG] SystemI::createSoundInternal             : exinfo->suggestedsoundtype = 5
[LOG] SystemI::createSoundInternal             : exinfo->useropen           = 00007FFE81C63F70
[LOG] SystemI::createSoundInternal             : exinfo->userclose          = 00007FFE81C63F30
[LOG] SystemI::createSoundInternal             : exinfo->userread           = 00007FFE81C64050
[LOG] SystemI::createSoundInternal             : exinfo->userseek           = 00007FFE81C64110
[LOG] SystemI::createSoundInternal             : exinfo->fileuserdata       = 00000256D1A2C448
[LOG] SystemI::createSoundInternal             : exinfo->initialseekpostype = 1
[LOG] SystemI::DSPCodecPoolRegister            : register codec pool for pool type 5
[LOG] SystemI::createSoundInternal             : Sample 0/1: name='veh_lawnmower_1406_off_exh', format=5, channels=1, frequency=48000, lengthbytes=10720, lengthpcm=58228, pcmblocksize=0, loopstart=0, loopend=0, mode=0x00000000, channelmask=0x00000000, channelorder=0, peakvolume=0.762329.
[LOG] SystemI::createSoundInternal             : Create name='', mode=0x02000202
[LOG] SystemI::createSoundInternal             : exinfo->cbsize             = 224
[LOG] SystemI::createSoundInternal             : exinfo->length             = 204544
[LOG] SystemI::createSoundInternal             : exinfo->fileoffset         = 17920
[LOG] SystemI::createSoundInternal             : exinfo->numsubsounds       = 1
[LOG] SystemI::createSoundInternal             : exinfo->inclusionlist      = 000000EF2E67F2A8
[LOG] SystemI::createSoundInternal             : exinfo->inclusionlistnum   = 1
[LOG] SystemI::createSoundInternal             : exinfo->suggestedsoundtype = 5
[LOG] SystemI::createSoundInternal             : exinfo->useropen           = 00007FFE81C63F70
[LOG] SystemI::createSoundInternal             : exinfo->userclose          = 00007FFE81C63F30
[LOG] SystemI::createSoundInternal             : exinfo->userread           = 00007FFE81C64050
[LOG] SystemI::createSoundInternal             : exinfo->userseek           = 00007FFE81C64110
[LOG] SystemI::createSoundInternal             : exinfo->fileuserdata       = 00000256D1A2C448
[LOG] SystemI::createSoundInternal             : exinfo->initialseekpostype = 1
[LOG] SystemI::DSPCodecPoolRegister            : register codec pool for pool type 5
[LOG] SystemI::createSoundInternal             : Sample 0/1: name='veh_lawnmower_1604_on_exh', format=5, channels=1, frequency=48000, lengthbytes=12992, lengthpcm=67947, pcmblocksize=0, loopstart=0, loopend=0, mode=0x00000000, channelmask=0x00000000, channelorder=0, peakvolume=0.999969.
[LOG] SystemI::createSoundInternal             : Create name='', mode=0x02000202
[LOG] SystemI::createSoundInternal             : exinfo->cbsize             = 224
[LOG] SystemI::createSoundInternal             : exinfo->length             = 204544
[LOG] SystemI::createSoundInternal             : exinfo->fileoffset         = 17920
[LOG] SystemI::createSoundInternal             : exinfo->numsubsounds       = 1
[LOG] SystemI::createSoundInternal             : exinfo->inclusionlist      = 000000EF2E67F2A8
[LOG] SystemI::createSoundInternal             : exinfo->inclusionlistnum   = 1
[LOG] SystemI::createSoundInternal             : exinfo->suggestedsoundtype = 5
[LOG] SystemI::createSoundInternal             : exinfo->useropen           = 00007FFE81C63F70
[LOG] SystemI::createSoundInternal             : exinfo->userclose          = 00007FFE81C63F30
[LOG] SystemI::createSoundInternal             : exinfo->userread           = 00007FFE81C64050
[LOG] SystemI::createSoundInternal             : exinfo->userseek           = 00007FFE81C64110
[LOG] SystemI::createSoundInternal             : exinfo->fileuserdata       = 00000256D1A2C448
[LOG] SystemI::createSoundInternal             : exinfo->initialseekpostype = 1
[LOG] SystemI::DSPCodecPoolRegister            : register codec pool for pool type 5
[LOG] SystemI::createSoundInternal             : Sample 0/1: name='veh_lawnmower_1648_off_exh', format=5, channels=1, frequency=48000, lengthbytes=7552, lengthpcm=43668, pcmblocksize=0, loopstart=0, loopend=0, mode=0x00000000, channelmask=0x00000000, channelorder=0, peakvolume=0.862488.
[LOG] SystemI::createSoundInternal             : Create name='', mode=0x02000202
[LOG] SystemI::createSoundInternal             : exinfo->cbsize             = 224
[LOG] SystemI::createSoundInternal             : exinfo->length             = 204544
[LOG] SystemI::createSoundInternal             : exinfo->fileoffset         = 17920
[LOG] SystemI::createSoundInternal             : exinfo->numsubsounds       = 1
[LOG] SystemI::createSoundInternal             : exinfo->inclusionlist      = 000000EF2E67F2A8
[LOG] SystemI::createSoundInternal             : exinfo->inclusionlistnum   = 1
[LOG] SystemI::createSoundInternal             : exinfo->suggestedsoundtype = 5
[LOG] SystemI::createSoundInternal             : exinfo->useropen           = 00007FFE81C63F70
[LOG] SystemI::createSoundInternal             : exinfo->userclose          = 00007FFE81C63F30
[LOG] SystemI::createSoundInternal             : exinfo->userread           = 00007FFE81C64050
[LOG] SystemI::createSoundInternal             : exinfo->userseek           = 00007FFE81C64110
[LOG] SystemI::createSoundInternal             : exinfo->fileuserdata       = 00000256D1A2C448
[LOG] SystemI::createSoundInternal             : exinfo->initialseekpostype = 1
[LOG] SystemI::DSPCodecPoolRegister            : register codec pool for pool type 5
[LOG] SystemI::createSoundInternal             : Sample 0/1: name='veh_lawnmower_0879_on_exh', format=5, channels=1, frequency=48000, lengthbytes=9088, lengthpcm=44030, pcmblocksize=0, loopstart=0, loopend=0, mode=0x00000000, channelmask=0x00000000, channelorder=0, peakvolume=0.998352.
[LOG] SystemI::createSoundInternal             : Create name='', mode=0x02000202
[LOG] SystemI::createSoundInternal             : exinfo->cbsize             = 224
[LOG] SystemI::createSoundInternal             : exinfo->length             = 10428384
[LOG] SystemI::createSoundInternal             : exinfo->fileoffset         = 25984
[LOG] SystemI::createSoundInternal             : exinfo->numsubsounds       = 1
[LOG] SystemI::createSoundInternal             : exinfo->inclusionlist      = 000000EF2E67F2A8
[LOG] SystemI::createSoundInternal             : exinfo->inclusionlistnum   = 1
[LOG] SystemI::createSoundInternal             : exinfo->suggestedsoundtype = 5
[LOG] SystemI::createSoundInternal             : exinfo->useropen           = 00007FFE81C63F70
[LOG] SystemI::createSoundInternal             : exinfo->userclose          = 00007FFE81C63F30
[LOG] SystemI::createSoundInternal             : exinfo->userread           = 00007FFE81C64050
[LOG] SystemI::createSoundInternal             : exinfo->userseek           = 00007FFE81C64110
[LOG] SystemI::createSoundInternal             : exinfo->fileuserdata       = 00000256D1A2C448
[LOG] SystemI::createSoundInternal             : exinfo->initialseekpostype = 1
[LOG] SystemI::DSPCodecPoolRegister            : register codec pool for pool type 5
[LOG] SystemI::createSoundInternal             : Sample 0/1: name='music_lvl_01_drone_loop', format=5, channels=2, frequency=48000, lengthbytes=74400, lengthpcm=434717, pcmblocksize=0, loopstart=0, loopend=0, mode=0x00000000, channelmask=0x00000000, channelorder=0, peakvolume=0.650848.
[LOG] SystemI::createSoundInternal             : Create name='', mode=0x02000202
[LOG] SystemI::createSoundInternal             : exinfo->cbsize             = 224
[LOG] SystemI::createSoundInternal             : exinfo->length             = 10428384
[LOG] SystemI::createSoundInternal             : exinfo->fileoffset         = 25984
[LOG] SystemI::createSoundInternal             : exinfo->numsubsounds       = 1
[LOG] SystemI::createSoundInternal             : exinfo->inclusionlist      = 000000EF2E67F2A8
[LOG] SystemI::createSoundInternal             : exinfo->inclusionlistnum   = 1
[LOG] SystemI::createSoundInternal             : exinfo->suggestedsoundtype = 5
[LOG] SystemI::createSoundInternal             : exinfo->useropen           = 00007FFE81C63F70
[LOG] SystemI::createSoundInternal             : exinfo->userclose          = 00007FFE81C63F30
[LOG] SystemI::createSoundInternal             : exinfo->userread           = 00007FFE81C64050
[LOG] SystemI::createSoundInternal             : exinfo->userseek           = 00007FFE81C64110
[LOG] SystemI::createSoundInternal             : exinfo->fileuserdata       = 00000256D1A2C448
[LOG] SystemI::createSoundInternal             : exinfo->initialseekpostype = 1
[LOG] SystemI::DSPCodecPoolRegister            : register codec pool for pool type 5
[LOG] SystemI::createSoundInternal             : Sample 0/1: name='music_lvl_01_bleep_a', format=5, channels=2, frequency=48000, lengthbytes=102624, lengthpcm=434717, pcmblocksize=0, loopstart=0, loopend=0, mode=0x00000000, channelmask=0x00000000, channelorder=0, peakvolume=0.734161.
[LOG] SystemI::createSoundInternal             : Create name='', mode=0x02000202
[LOG] SystemI::createSoundInternal             : exinfo->cbsize             = 224
[LOG] SystemI::createSoundInternal             : exinfo->length             = 10428384
[LOG] SystemI::createSoundInternal             : exinfo->fileoffset         = 25984
[LOG] SystemI::createSoundInternal             : exinfo->numsubsounds       = 1
[LOG] SystemI::createSoundInternal             : exinfo->inclusionlist      = 000000EF2E67F2A8
[LOG] SystemI::createSoundInternal             : exinfo->inclusionlistnum   = 1
[LOG] SystemI::createSoundInternal             : exinfo->suggestedsoundtype = 5
[LOG] SystemI::createSoundInternal             : exinfo->useropen           = 00007FFE81C63F70
[LOG] SystemI::createSoundInternal             : exinfo->userclose          = 00007FFE81C63F30
[LOG] SystemI::createSoundInternal             : exinfo->userread           = 00007FFE81C64050
[LOG] SystemI::createSoundInternal             : exinfo->userseek           = 00007FFE81C64110
[LOG] SystemI::createSoundInternal             : exinfo->fileuserdata       = 00000256D1A2C448
[LOG] SystemI::createSoundInternal             : exinfo->initialseekpostype = 1
[LOG] SystemI::DSPCodecPoolRegister            : register codec pool for pool type 5
[LOG] SystemI::createSoundInternal             : Sample 0/1: name='music_lvl_01_bleep_c', format=5, channels=2, frequency=48000, lengthbytes=121504, lengthpcm=434717, pcmblocksize=0, loopstart=0, loopend=0, mode=0x00000000, channelmask=0x00000000, channelorder=0, peakvolume=0.692322.
[LOG] SystemI::createSoundInternal             : Create name='', mode=0x02000202
[LOG] SystemI::createSoundInternal             : exinfo->cbsize             = 224
[LOG] SystemI::createSoundInternal             : exinfo->length             = 10428384
[LOG] SystemI::createSoundInternal             : exinfo->fileoffset         = 25984
[LOG] SystemI::createSoundInternal             : exinfo->numsubsounds       = 1
[LOG] SystemI::createSoundInternal             : exinfo->inclusionlist      = 000000EF2E67F2A8
[LOG] SystemI::createSoundInternal             : exinfo->inclusionlistnum   = 1
[LOG] SystemI::createSoundInternal             : exinfo->suggestedsoundtype = 5
[LOG] SystemI::createSoundInternal             : exinfo->useropen           = 00007FFE81C63F70
[LOG] SystemI::createSoundInternal             : exinfo->userclose          = 00007FFE81C63F30
[LOG] SystemI::createSoundInternal             : exinfo->userread           = 00007FFE81C64050
[LOG] SystemI::createSoundInternal             : exinfo->userseek           = 00007FFE81C64110
[LOG] SystemI::createSoundInternal             : exinfo->fileuserdata       = 00000256D1A2C448
[LOG] SystemI::createSoundInternal             : exinfo->initialseekpostype = 1
[LOG] SystemI::DSPCodecPoolRegister            : register codec pool for pool type 5
[LOG] SystemI::createSoundInternal             : Sample 0/1: name='music_lvl_01_pad_chords', format=5, channels=2, frequency=48000, lengthbytes=422432, lengthpcm=1738868, pcmblocksize=0, loopstart=0, loopend=0, mode=0x00000000, channelmask=0x00000000, channelorder=0, peakvolume=0.569336.
[LOG] SoundI::release                          :  (00000255F30504A8)
[LOG] SoundI::release                          :     veh_car_engine_190E_02900 (00000255EB6BBC38)
[LOG] SoundI::release                          :  (00000255F61564B8)
[LOG] SoundI::release                          :     veh_car_engine_190E_04812 (00000255EB6B9538)
[LOG] SoundI::release                          :  (00000256D194B7E8)
[LOG] SoundI::release                          :     music_lvl_01_pad_chords (00000255E5CA6528)
[LOG] SoundI::release                          :  (00000255F6156348)
[LOG] SoundI::release                          :     veh_car_engine_190E_01999 (00000255EB6B9398)
[LOG] SoundI::release                          :  (00000255F6155AA8)
[LOG] SoundI::release                          :     veh_car_engine_190E_03472 (00000255EB6B89D8)
[LOG] SoundI::release                          :  (00000255F304F368)
[LOG] SoundI::release                          :     veh_car_engine_190E_03845 (00000255EA0366F8)
[LOG] SoundI::release                          :  (00000255F3050788)
[LOG] SoundI::release                          :     veh_car_engine_190E_05845 (00000255EA0373F8)
[LOG] SoundI::release                          :  (00000255F6155EF8)
[LOG] SoundI::release                          :     veh_car_engine_190E_04329 (00000255EB6B91F8)
[LOG] SoundI::release                          :  (00000255F304F4D8)
[LOG] SoundI::release                          :     veh_car_engine_190E_06723 (00000255EA035B98)
[LOG] SoundI::release                          :  (00000255F304D3C8)
[LOG] SoundI::release                          :     veh_car_engine_190E_01560 (00000255EB6B9EF8)
[LOG] SoundI::release                          :  (00000255F6155208)
[LOG] SoundI::release                          :     veh_car_engine_190E_02549 (00000255EB6B8838)
[LOG] SoundI::release                          :  (00000255F3050D48)
[LOG] SoundI::release                          :     veh_car_engine_190E_01104 (00000255EB6BABF8)
[LOG] SoundI::release                          :  (00000255F304D258)
[LOG] SoundI::release                          :     veh_car_engine_190E_06262 (00000255EB6BC458)
[LOG] SoundI::release                          :  (00000255F6156BE8)
[LOG] SoundI::release                          :     veh_lawnmower_0945_off_exh (00000255EB6B9878)
[LOG] SoundI::release                          :  (00000255E5CA1888)
[LOG] SoundI::release                          :     veh_lawnmower_0879_on_exh (00000255EC7B8DE8)
[LOG] SoundI::release                          :  (00000253AD5E7768)
[LOG] SoundI::release                          :     veh_lawnmower_1121_on_exh (00000255EB6BA098)
[LOG] SoundI::release                          :  (00000253AD5E7318)
[LOG] SoundI::release                          :     veh_lawnmower_1406_off_exh (00000255EB6BA8B8)
[LOG] SoundI::release                          :  (00000255E5CA0748)
[LOG] SoundI::release                          :     veh_lawnmower_1648_off_exh (00000255EC7B70A8)
[LOG] SoundI::release                          :  (00000253AD5E6BE8)
[LOG] SoundI::release                          :     veh_lawnmower_idle_exh (00000255EB6B9BB8)
[LOG] SoundI::release                          :  (00000255E5C9FEA8)
[LOG] SoundI::release                          :     veh_lawnmower_1604_on_exh (00000255EC7B66E8)
[LOG] SoundI::release                          :  (00000255E6033C28)
[LOG] SoundI::release                          :     music_lvl_01_drone_loop (00000255EC7B6888)
[LOG] SystemI::createSound                     : filename = ../../Escritorio/Examples/Build/Desktop/Music.bank : mode 02010082
[LOG] SystemI::createSound                     : FMOD_NONBLOCKING specified.  Putting into queue to be opened asynchronously!
[LOG] Thread::initThread                       : Init FMOD nonblocking thread (0). Affinity: 0x4000000000000003, Priority: 0xFFFF7FFC, Stack Size: 114688, Semaphore: Yes, Sleep Time: 0, Looping: Yes.
[LOG] AsyncThread::add                         : add sound to async queue : soundi = 00000255F45E9748, queue head = 00000253AC057B58, queue count = 0
[LOG] AsyncThread::threadFunc                  : Starting Asynchronous operation on sound 00000255F45E9748
[LOG] SystemI::createSound                     :     filename = ../../Escritorio/Examples/Build/Desktop/Music.bank : mode 02010082
[LOG] SystemI::createSoundInternal             :     Create name='../../Escritorio/Examples/Build/Desktop/Music.bank', mode=0x02010082
[LOG] SystemI::createSound                     :     FMOD_NONBLOCKING specified.  Putting into queue to be opened asynchronously!
[LOG] SystemI::createSoundInternal             :     exinfo->cbsize             = 224
[LOG] AsyncThread::add                         :     add sound to async queue : soundi = 00000255F45E9238, queue head = 00000253AC057B58, queue count = 0
[LOG] SystemI::createSoundInternal             :     exinfo->length             = 10428384
[LOG] SystemI::createSoundInternal             :     exinfo->fileoffset         = 25984
[LOG] SystemI::createSoundInternal             :     exinfo->numsubsounds       = 1
[LOG] SystemI::createSound                     :     filename = ../../Escritorio/Examples/Build/Desktop/Music.bank : mode 02010082
[LOG] SystemI::createSoundInternal             :     exinfo->inclusionlist      = 000002570DC5D1B0
[LOG] SystemI::createSound                     :     FMOD_NONBLOCKING specified.  Putting into queue to be opened asynchronously!
[LOG] SystemI::createSoundInternal             :     exinfo->inclusionlistnum   = 1
[LOG] AsyncThread::add                         :     add sound to async queue : soundi = 00000255F3E685E8, queue head = 00000253AC057B58, queue count = 1
[LOG] SystemI::createSoundInternal             :     exinfo->suggestedsoundtype = 5
[LOG] SystemI::createSoundInternal             :     exinfo->initialseekpostype = 1
[LOG] SystemI::createSound                     :     filename = ../../Escritorio/Examples/Build/Desktop/Music.bank : mode 02010082
[LOG] SystemI::createSound                     :     FMOD_NONBLOCKING specified.  Putting into queue to be opened asynchronously!
[LOG] AsyncThread::add                         :     add sound to async queue : soundi = 00000256E84E5DF8, queue head = 00000253AC057B58, queue count = 2
[LOG] SystemI::createSoundInternal             :     Stream 0/1: name='music_lvl_02_orchestra_layer_04', format=5, channels=2, frequency=48000, lengthbytes=744672, lengthpcm=2730666, pcmblocksize=0, loopstart=0, loopend=0, mode=0x00000000, channelmask=0x00000000, channelorder=0, peakvolume=0.476837.
[LOG] Thread::initThread                       :     Init FMOD file thread. Affinity: 0x4000000000000003, Priority: 0xFFFF7FFC, Stack Size: 65536, Semaphore: No, Sleep Time: 10, Looping: Yes.
[LOG] AsyncThread::threadFunc                  : Finished Asynchronous operation on sound 00000255F45E9748
[LOG] AsyncThread::threadFunc                  : Starting Asynchronous operation on sound 00000255F45E9238
[LOG] SystemI::createSoundInternal             :     Create name='../../Escritorio/Examples/Build/Desktop/Music.bank', mode=0x02010082
[LOG] SystemI::createSoundInternal             :     exinfo->cbsize             = 224
[LOG] SystemI::createSoundInternal             :     exinfo->length             = 10428384
[LOG] SystemI::createSoundInternal             :     exinfo->fileoffset         = 25984
[LOG] SystemI::createSoundInternal             :     exinfo->numsubsounds       = 1
[LOG] SystemI::createSoundInternal             :     exinfo->inclusionlist      = 000002570DC5D2F0
[LOG] SystemI::createSoundInternal             :     exinfo->inclusionlistnum   = 1
[LOG] SystemI::createSoundInternal             :     exinfo->suggestedsoundtype = 5
[LOG] SystemI::createSoundInternal             :     exinfo->initialseekpostype = 1
[LOG] SystemI::createSoundInternal             :     Stream 0/1: name='music_lvl_02_electronic_layer_02', format=5, channels=2, frequency=48000, lengthbytes=665056, lengthpcm=2730668, pcmblocksize=0, loopstart=0, loopend=0, mode=0x00000000, channelmask=0x00000000, channelorder=0, peakvolume=0.534882.
[LOG] AsyncThread::threadFunc                  : Finished Asynchronous operation on sound 00000255F45E9238
[LOG] AsyncThread::threadFunc                  : Starting Asynchronous operation on sound 00000255F3E685E8
[LOG] SystemI::createSoundInternal             :     Create name='../../Escritorio/Examples/Build/Desktop/Music.bank', mode=0x02010082
[LOG] SystemI::createSoundInternal             :     exinfo->cbsize             = 224
[LOG] SystemI::createSoundInternal             :     exinfo->length             = 10428384
[LOG] SystemI::createSoundInternal             :     exinfo->fileoffset         = 25984
[LOG] SystemI::createSoundInternal             :     exinfo->numsubsounds       = 1
[LOG] SystemI::createSoundInternal             :     exinfo->inclusionlist      = 000002570DC5D7F0
[LOG] SystemI::createSoundInternal             :     exinfo->inclusionlistnum   = 1
[LOG] SystemI::createSoundInternal             :     exinfo->suggestedsoundtype = 5
[LOG] SystemI::createSoundInternal             :     exinfo->initialseekpostype = 1
[LOG] SystemI::createSoundInternal             :     Stream 0/1: name='music_lvl_02_orchestra_layer_03', format=5, channels=2, frequency=48000, lengthbytes=776000, lengthpcm=2730667, pcmblocksize=0, loopstart=0, loopend=0, mode=0x00000000, channelmask=0x00000000, channelorder=0, peakvolume=0.460571.
[LOG] AsyncThread::threadFunc                  : Finished Asynchronous operation on sound 00000255F3E685E8
[LOG] AsyncThread::threadFunc                  : Starting Asynchronous operation on sound 00000256E84E5DF8
[LOG] SystemI::createSoundInternal             :     Create name='../../Escritorio/Examples/Build/Desktop/Music.bank', mode=0x02010082
[LOG] SystemI::createSoundInternal             :     exinfo->cbsize             = 224
[LOG] SystemI::createSoundInternal             :     exinfo->length             = 10428384
[LOG] SystemI::createSoundInternal             :     exinfo->fileoffset         = 25984
[LOG] SystemI::createSoundInternal             :     exinfo->numsubsounds       = 1
[LOG] SystemI::createSoundInternal             :     exinfo->inclusionlist      = 00000255F4628310
[LOG] SystemI::createSoundInternal             :     exinfo->inclusionlistnum   = 1
[LOG] SystemI::createSoundInternal             :     exinfo->suggestedsoundtype = 5
[LOG] SystemI::createSoundInternal             :     exinfo->initialseekpostype = 1
[LOG] SystemI::createSoundInternal             :     Stream 0/1: name='music_lvl_02_orchestra_layer_01', format=5, channels=2, frequency=48000, lengthbytes=786464, lengthpcm=2730666, pcmblocksize=0, loopstart=0, loopend=0, mode=0x00000000, channelmask=0x00000000, channelorder=0, peakvolume=0.737579.
[LOG] AsyncThread::threadFunc                  : Finished Asynchronous operation on sound 00000256E84E5DF8
[LOG] SoundI::release                          : music_lvl_02_orchestra_layer_01 (00000256E84E5DF8)
[LOG] SoundI::release                          :     music_lvl_02_orchestra_layer_01 (00000255EB6B91F8)
[LOG] SoundI::release                          :     music_lvl_02_orchestra_layer_01 (00000256E8821A18)
[LOG] SoundI::release                          : music_lvl_02_orchestra_layer_03 (00000255F3E685E8)
[LOG] SoundI::release                          :     music_lvl_02_orchestra_layer_03 (00000255E5CA51A8)
[LOG] SoundI::release                          :     music_lvl_02_orchestra_layer_03 (00000256E881F198)
[LOG] SoundI::release                          : music_lvl_02_electronic_layer_02 (00000255F45E9238)
[LOG] SoundI::release                          :     music_lvl_02_electronic_layer_02 (00000255E5CA66C8)
[LOG] SoundI::release                          :     music_lvl_02_electronic_layer_02 (00000256E881FF18)
[LOG] SoundI::release                          : music_lvl_02_orchestra_layer_04 (00000255F45E9748)
[LOG] SoundI::release                          :     music_lvl_02_orchestra_layer_04 (00000255E5CA5348)
[LOG] SoundI::release                          :     music_lvl_02_orchestra_layer_04 (00000256E8821358)
[LOG] SoundI::release                          :  (00000255E6033D98)
[LOG] SoundI::release                          :     music_lvl_01_bleep_a (00000255EC7B7DA8)
[LOG] SoundI::release                          :  (00000255E6032528)
[LOG] SoundI::release                          :     music_lvl_01_bleep_c (00000255E5CA4E68)
[LOG] Thread::callback                         : FMOD Studio bank load thread finished.
[LOG] Thread::callback                         : FMOD Studio sample load thread finished.
[LOG] LiveUpdate::release                      : 
[LOG] LiveUpdate::reset                        : Reset connection (reason Disconnected)
[LOG] Thread::callback                         : FMOD stream thread finished.
[LOG] Thread::callback                         : FMOD mixer thread finished.
[LOG] SystemI::close                           : Closed.
[LOG] Thread::callback                         : FMOD nonblocking thread (0) finished.
[LOG] Thread::callback                         : FMOD file thread finished.
